# JRE version: Java(TM) SE Runtime Environment (8.0_181-b13) (build 1.8.0_181-b13)
# Java VM: Java HotSpot(TM) 64-Bit Server VM (25.181-b13 mixed mode windows-amd64 compressed oops)
Heap:
 PSYoungGen      total 178176K, used 38377K [0x000000076b380000, 0x0000000779380000, 0x00000007c0000000)
  eden space 164352K, 23% used [0x000000076b380000,0x000000076d8fa590,0x0000000775400000)
  from space 13824K, 0% used [0x0000000776380000,0x0000000776380000,0x0000000777100000)
  to   space 15872K, 0% used [0x0000000775400000,0x0000000775400000,0x0000000776380000)
 ParOldGen       total 154112K, used 18451K [0x00000006c1a00000, 0x00000006cb080000, 0x000000076b380000)
  object space 154112K, 11% used [0x00000006c1a00000,0x00000006c2c04dd8,0x00000006cb080000)
 Metaspace       used 35267K, capacity 36406K, committed 36648K, reserved 1081344K
  class space    used 4602K, capacity 4839K, committed 4912K, reserved 1048576K
GC Heap History (10 events):
Event: 3.532 GC heap before
{Heap before GC invocations=4 (full 1):
 PSYoungGen      total 76288K, used 6796K [0x000000076b380000, 0x0000000774880000, 0x00000007c0000000)
  eden space 65536K, 0% used [0x000000076b380000,0x000000076b380000,0x000000076f380000)
  from space 10752K, 63% used [0x000000076f380000,0x000000076fa23278,0x000000076fe00000)
  to   space 10752K, 0% used [0x0000000773e00000,0x0000000773e00000,0x0000000774880000)
 ParOldGen       total 175104K, used 32K [0x00000006c1a00000, 0x00000006cc500000, 0x000000076b380000)
  object space 175104K, 0% used [0x00000006c1a00000,0x00000006c1a08000,0x00000006cc500000)
 Metaspace       used 20602K, capacity 21194K, committed 21296K, reserved 1067008K
  class space    used 2656K, capacity 2835K, committed 2864K, reserved 1048576K
Event: 3.594 GC heap after
Heap after GC invocations=4 (full 1):
 PSYoungGen      total 76288K, used 0K [0x000000076b380000, 0x0000000774880000, 0x00000007c0000000)
  eden space 65536K, 0% used [0x000000076b380000,0x000000076b380000,0x000000076f380000)
  from space 10752K, 0% used [0x000000076f380000,0x000000076f380000,0x000000076fe00000)
  to   space 10752K, 0% used [0x0000000773e00000,0x0000000773e00000,0x0000000774880000)
 ParOldGen       total 95744K, used 6606K [0x00000006c1a00000, 0x00000006c7780000, 0x000000076b380000)
  object space 95744K, 6% used [0x00000006c1a00000,0x00000006c2073980,0x00000006c7780000)
 Metaspace       used 20602K, capacity 21194K, committed 21296K, reserved 1067008K
  class space    used 2656K, capacity 2835K, committed 2864K, reserved 1048576K
}
Event: 4.398 GC heap before
{Heap before GC invocations=5 (full 1):
 PSYoungGen      total 76288K, used 65536K [0x000000076b380000, 0x0000000774880000, 0x00000007c0000000)
  eden space 65536K, 100% used [0x000000076b380000,0x000000076f380000,0x000000076f380000)
  from space 10752K, 0% used [0x000000076f380000,0x000000076f380000,0x000000076fe00000)
  to   space 10752K, 0% used [0x0000000773e00000,0x0000000773e00000,0x0000000774880000)
 ParOldGen       total 95744K, used 6606K [0x00000006c1a00000, 0x00000006c7780000, 0x000000076b380000)
  object space 95744K, 6% used [0x00000006c1a00000,0x00000006c2073980,0x00000006c7780000)
 Metaspace       used 25090K, capacity 25822K, committed 26032K, reserved 1071104K
  class space    used 3231K, capacity 3409K, committed 3504K, reserved 1048576K
Event: 4.415 GC heap after
Heap after GC invocations=5 (full 1):
 PSYoungGen      total 114176K, used 7943K [0x000000076b380000, 0x0000000774600000, 0x00000007c0000000)
  eden space 105984K, 0% used [0x000000076b380000,0x000000076b380000,0x0000000771b00000)
  from space 8192K, 96% used [0x0000000773e00000,0x00000007745c1f38,0x0000000774600000)
  to   space 10752K, 0% used [0x0000000773100000,0x0000000773100000,0x0000000773b80000)
 ParOldGen       total 95744K, used 6606K [0x00000006c1a00000, 0x00000006c7780000, 0x000000076b380000)
  object space 95744K, 6% used [0x00000006c1a00000,0x00000006c2073980,0x00000006c7780000)
 Metaspace       used 25090K, capacity 25822K, committed 26032K, reserved 1071104K
  class space    used 3231K, capacity 3409K, committed 3504K, reserved 1048576K
}
Event: 6.193 GC heap before
{Heap before GC invocations=6 (full 1):
 PSYoungGen      total 114176K, used 113927K [0x000000076b380000, 0x0000000774600000, 0x00000007c0000000)
  eden space 105984K, 100% used [0x000000076b380000,0x0000000771b00000,0x0000000771b00000)
  from space 8192K, 96% used [0x0000000773e00000,0x00000007745c1f38,0x0000000774600000)
  to   space 10752K, 0% used [0x0000000773100000,0x0000000773100000,0x0000000773b80000)
 ParOldGen       total 95744K, used 6606K [0x00000006c1a00000, 0x00000006c7780000, 0x000000076b380000)
  object space 95744K, 6% used [0x00000006c1a00000,0x00000006c2073980,0x00000006c7780000)
 Metaspace       used 30316K, capacity 31242K, committed 31280K, reserved 1077248K
  class space    used 3932K, capacity 4143K, committed 4144K, reserved 1048576K
Event: 6.207 GC heap after
Heap after GC invocations=6 (full 1):
 PSYoungGen      total 139264K, used 10735K [0x000000076b380000, 0x0000000777100000, 0x00000007c0000000)
  eden space 128512K, 0% used [0x000000076b380000,0x000000076b380000,0x0000000773100000)
  from space 10752K, 99% used [0x0000000773100000,0x0000000773b7be20,0x0000000773b80000)
  to   space 13824K, 0% used [0x0000000776380000,0x0000000776380000,0x0000000777100000)
 ParOldGen       total 95744K, used 10413K [0x00000006c1a00000, 0x00000006c7780000, 0x000000076b380000)
  object space 95744K, 10% used [0x00000006c1a00000,0x00000006c242b7f0,0x00000006c7780000)
 Metaspace       used 30316K, capacity 31242K, committed 31280K, reserved 1077248K
  class space    used 3932K, capacity 4143K, committed 4144K, reserved 1048576K
}
Event: 7.235 GC heap before
{Heap before GC invocations=7 (full 1):
 PSYoungGen      total 139264K, used 82716K [0x000000076b380000, 0x0000000777100000, 0x00000007c0000000)
  eden space 128512K, 56% used [0x000000076b380000,0x000000076f9cb3a8,0x0000000773100000)
  from space 10752K, 99% used [0x0000000773100000,0x0000000773b7be20,0x0000000773b80000)
  to   space 13824K, 0% used [0x0000000776380000,0x0000000776380000,0x0000000777100000)
 ParOldGen       total 95744K, used 10413K [0x00000006c1a00000, 0x00000006c7780000, 0x000000076b380000)
  object space 95744K, 10% used [0x00000006c1a00000,0x00000006c242b7f0,0x00000006c7780000)
 Metaspace       used 34307K, capacity 35346K, committed 35496K, reserved 1079296K
  class space    used 4485K, capacity 4707K, committed 4784K, reserved 1048576K
Event: 7.247 GC heap after
Heap after GC invocations=7 (full 1):
 PSYoungGen      total 178176K, used 13798K [0x000000076b380000, 0x0000000779380000, 0x00000007c0000000)
  eden space 164352K, 0% used [0x000000076b380000,0x000000076b380000,0x0000000775400000)
  from space 13824K, 99% used [0x0000000776380000,0x00000007770f9868,0x0000000777100000)
  to   space 15872K, 0% used [0x0000000775400000,0x0000000775400000,0x0000000776380000)
 ParOldGen       total 95744K, used 10507K [0x00000006c1a00000, 0x00000006c7780000, 0x000000076b380000)
  object space 95744K, 10% used [0x00000006c1a00000,0x00000006c2442e08,0x00000006c7780000)
 Metaspace       used 34307K, capacity 35346K, committed 35496K, reserved 1079296K
  class space    used 4485K, capacity 4707K, committed 4784K, reserved 1048576K
}
Event: 7.247 GC heap before
{Heap before GC invocations=8 (full 2):
 PSYoungGen      total 178176K, used 13798K [0x000000076b380000, 0x0000000779380000, 0x00000007c0000000)
  eden space 164352K, 0% used [0x000000076b380000,0x000000076b380000,0x0000000775400000)
  from space 13824K, 99% used [0x0000000776380000,0x00000007770f9868,0x0000000777100000)
  to   space 15872K, 0% used [0x0000000775400000,0x0000000775400000,0x0000000776380000)
 ParOldGen       total 95744K, used 10507K [0x00000006c1a00000, 0x00000006c7780000, 0x000000076b380000)
  object space 95744K, 10% used [0x00000006c1a00000,0x00000006c2442e08,0x00000006c7780000)
 Metaspace       used 34307K, capacity 35346K, committed 35496K, reserved 1079296K
  class space    used 4485K, capacity 4707K, committed 4784K, reserved 1048576K
Event: 7.325 GC heap after
Heap after GC invocations=8 (full 2):
 PSYoungGen      total 178176K, used 0K [0x000000076b380000, 0x0000000779380000, 0x00000007c0000000)
  eden space 164352K, 0% used [0x000000076b380000,0x000000076b380000,0x0000000775400000)
  from space 13824K, 0% used [0x0000000776380000,0x0000000776380000,0x0000000777100000)
  to   space 15872K, 0% used [0x0000000775400000,0x0000000775400000,0x0000000776380000)
 ParOldGen       total 154112K, used 18451K [0x00000006c1a00000, 0x00000006cb080000, 0x000000076b380000)
  object space 154112K, 11% used [0x00000006c1a00000,0x00000006c2c04dd8,0x00000006cb080000)
 Metaspace       used 34307K, capacity 35346K, committed 35496K, reserved 1079296K
  class space    used 4485K, capacity 4707K, committed 4784K, reserved 1048576K
}

